<?xml version="1.0" encoding="UTF-8"?>
<!-- Generated by org.testng.reporters.JUnitXMLReporter -->
<testsuite ignored="0" hostname="AyushandAnkit" failures="1" tests="25" name="its first" time="19.685" errors="0" timestamp="2024-01-09T19:23:20 IST">
  <testcase classname="com.test.TestNgBasics" name="GoogleLogo" time="0.006"/>
  <testcase classname="com.test.ExceptionTimeOutTest" name="endOfBeautifulSession" time="0.001"/>
  <testcase classname="com.test.TestNgBasics" name="googleTitleTest" time="0.001"/>
  <testcase classname="com.test.TesNgFeatures" name="opening" time="0.001">
    <failure type="java.lang.ArithmeticException" message="/ by zero">
      <![CDATA[java.lang.ArithmeticException: / by zero
at com.test.TesNgFeatures.opening(TesNgFeatures.java:10)
at java.base/java.util.ArrayList.forEach(ArrayList.java:1596)
at java.base/java.util.concurrent.FutureTask.run(FutureTask.java:317)
at java.base/java.util.concurrent.ThreadPoolExecutor.runWorker(ThreadPoolExecutor.java:1144)
at java.base/java.util.concurrent.ThreadPoolExecutor$Worker.run(ThreadPoolExecutor.java:642)
at java.base/java.lang.Thread.run(Thread.java:1583)
... Removed 15 stack frames]]>
    </failure>
  </testcase> <!-- opening -->
  <testcase classname="com.test.TesNgFeatures" name="LowerMiddleOrder" time="0.002">
    <skipped/>
  </testcase> <!-- LowerMiddleOrder -->
  <testcase classname="com.test.TesNgFeatures" name="LowerOrder" time="0.0">
    <skipped/>
  </testcase> <!-- LowerOrder -->
  <testcase classname="com.test.TesNgFeatures" name="MiddleOrder" time="0.0">
    <skipped/>
  </testcase> <!-- MiddleOrder -->
  <testcase classname="com.test.TestNgBasics" name="searchTest" time="0.001"/>
  <testcase classname="com.test.InvocationCountTest" name="sum" time="0.001"/>
  <testcase classname="com.test.InvocationCountTest" name="sum" time="0.001"/>
  <testcase classname="com.test.InvocationCountTest" name="sum" time="0.001"/>
  <testcase classname="com.test.InvocationCountTest" name="sum" time="0.0"/>
  <testcase classname="com.test.InvocationCountTest" name="sum" time="0.001"/>
  <testcase classname="com.test.InvocationCountTest" name="sum" time="0.001"/>
  <testcase classname="com.test.InvocationCountTest" name="sum" time="0.0"/>
  <testcase classname="com.test.InvocationCountTest" name="sum" time="0.001"/>
  <testcase classname="com.test.InvocationCountTest" name="sum" time="0.0"/>
  <testcase classname="com.test.InvocationCountTest" name="sum" time="0.0"/>
  <testcase classname="com.test.InvocationCountTest" name="sum" time="0.001"/>
  <testcase classname="com.test.GoogleTest" name="GoogleTitleTest" time="0.006"/>
  <testcase classname="com.test.GoogleTest" name="GoogleLogoTest" time="0.032"/>
  <testcase classname="com.test.GoogleTest" name="mailLInkTest" time="0.026"/>
  <testcase classname="com.test.GoogleTest" name="Test3" time="0.001"/>
  <testcase classname="com.test.GoogleTest" name="Test1" time="0.001"/>
  <testcase classname="com.test.GoogleTest" name="Test2" time="0.001"/>
</testsuite> <!-- its first -->
