<?xml version="1.0" encoding="UTF-8"?>
<testng-results ignored="0" total="1" passed="1" failed="0" skipped="0">
  <reporter-output>
  </reporter-output>
  <suite started-at="2024-01-09T23:48:34 IST" name="My second Automation TestNg" finished-at="2024-01-09T23:48:41 IST" duration-ms="7722">
    <groups>
    </groups>
    <test started-at="2024-01-09T23:48:34 IST" name="its secoind" finished-at="2024-01-09T23:48:41 IST" duration-ms="7722">
      <class name="com.Parameter.ParameterTest">
        <test-method signature="yahooLoginTest(java.lang.String,java.lang.String,java.lang.String)[pri:0, instance:com.Parameter.ParameterTest@28701274]" started-at="2024-01-09T23:48:34 IST" name="yahooLoginTest" finished-at="2024-01-09T23:48:41 IST" duration-ms="7641" status="PASS">
          <params>
            <param index="0">
              <value>
                <![CDATA[chrome]]>
              </value>
            </param>
            <param index="1">
              <value>
                <![CDATA[https://login.yahoo.com/]]>
              </value>
            </param>
            <param index="2">
              <value>
                <![CDATA[ankit@yahoo.com]]>
              </value>
            </param>
          </params>
          <reporter-output>
          </reporter-output>
        </test-method> <!-- yahooLoginTest -->
      </class> <!-- com.Parameter.ParameterTest -->
    </test> <!-- its secoind -->
  </suite> <!-- My second Automation TestNg -->
</testng-results>
